Parameters : percent - 10.0, C - 2.8, gamma - 0.0073, delta - 1.0
[INFO] Loading training images and labels
[INFO] Shuffling the data.
[SUCCESS] Training data successfully loaded from numpy.
     #Train-Images : 6000 (784,); #Train-Labels : 6000
     #Test-Images : 54000 (784,); #Test-Labels : 54000
[INFO] Training the model on loaded data 10.0% of training data.
[ Iteration 1 ] :: #Train-Images : 6000; #Test-Images : 54000
    [INFO] Training classifier on training images.
    [INFO] 47957%(88.8092592593%) images classified incorrectly.
Confusion matrix:
[[   0 5326    0    0    0    0    0    0    0    0]
 [   0 6043    0    0    0    0    0    0    0    0]
 [   0 5369    0    0    0    0    0    0    0    0]
 [   0 5536    0    0    0    0    0    0    0    0]
 [   0 5281    0    0    0    0    0    0    0    0]
 [   0 4847    0    0    0    0    0    0    0    0]
 [   0 5305    0    0    0    0    0    0    0    0]
 [   0 5634    0    0    0    0    0    0    0    0]
 [   0 5290    0    0    0    0    0    0    0    0]
 [   0 5369    0    0    0    0    0    0    0    0]]
[ Iteration 2 ] :: #Train-Images : 53957; #Test-Images : 6043
    [INFO] Training classifier on training images.
    [INFO] 6043%(100.0%) images classified incorrectly.
Confusion matrix:
[[   0 6043]
 [   0    0]]
[ Iteration 3 ] :: #Train-Images : 60000; #Test-Images : 0
    [INFO] Training classifier on training images.
