Parameters : percent - 10.0, C - 2.8, gamma - 0.0073, delta - 5.0
[INFO] Loading training images and labels
[INFO] Shuffling the data.
[SUCCESS] Training data successfully loaded from numpy.
     #Train-Images : 6000 (784,); #Train-Labels : 6000
     #Test-Images : 54000 (784,); #Test-Labels : 54000
[INFO] Training the model on loaded data 10.0% of training data.
[ Iteration 1 ] :: #Train-Images : 6000; #Test-Images : 54000
    [INFO] Training classifier on training images.
    [INFO] 47937%(88.7722222222%) images classified incorrectly.
Confusion matrix:
[[   0 5325    0    0    0    0    0    0    0    0]
 [   0 6063    0    0    0    0    0    0    0    0]
 [   0 5344    0    0    0    0    0    0    0    0]
 [   0 5547    0    0    0    0    0    0    0    0]
 [   0 5285    0    0    0    0    0    0    0    0]
 [   0 4869    0    0    0    0    0    0    0    0]
 [   0 5318    0    0    0    0    0    0    0    0]
 [   0 5649    0    0    0    0    0    0    0    0]
 [   0 5254    0    0    0    0    0    0    0    0]
 [   0 5346    0    0    0    0    0    0    0    0]]
[ Iteration 2 ] :: #Train-Images : 53937; #Test-Images : 6063
    [INFO] Training classifier on training images.
    [INFO] 6063%(100.0%) images classified incorrectly.
Confusion matrix:
[[   0 6063]
 [   0    0]]
[ Iteration 3 ] :: #Train-Images : 60000; #Test-Images : 0
    [INFO] Training classifier on training images.
