Parameters : percent - 10.0, C - 2.8, gamma - 0.0073, delta - 0.1
[INFO] Loading training images and labels
[INFO] Shuffling the data.
[SUCCESS] Training data successfully loaded from numpy.
     #Train-Images : 6000 (784,); #Train-Labels : 6000
     #Test-Images : 54000 (784,); #Test-Labels : 54000
[INFO] Training the model on loaded data 10.0% of training data.
[ Iteration 1 ] :: #Train-Images : 6000; #Test-Images : 54000
    [INFO] Training classifier on training images.
    [INFO] 47946%(88.7888888889%) images classified incorrectly.
Confusion matrix:
[[   0 5309    0    0    0    0    0    0    0    0]
 [   0 6054    0    0    0    0    0    0    0    0]
 [   0 5376    0    0    0    0    0    0    0    0]
 [   0 5472    0    0    0    0    0    0    0    0]
 [   0 5268    0    0    0    0    0    0    0    0]
 [   0 4887    0    0    0    0    0    0    0    0]
 [   0 5348    0    0    0    0    0    0    0    0]
 [   0 5671    0    0    0    0    0    0    0    0]
 [   0 5274    0    0    0    0    0    0    0    0]
 [   0 5341    0    0    0    0    0    0    0    0]]
[ Iteration 2 ] :: #Train-Images : 53946; #Test-Images : 6054
    [INFO] Training classifier on training images.
    [INFO] 6054%(100.0%) images classified incorrectly.
Confusion matrix:
[[   0 6054]
 [   0    0]]
[ Iteration 3 ] :: #Train-Images : 60000; #Test-Images : 0
    [INFO] Training classifier on training images.
