Parameters : percent - 10.0, C - 2.8, gamma - 0.0073, delta - 2.0
[INFO] Loading training images and labels
[INFO] Shuffling the data.
[SUCCESS] Training data successfully loaded from numpy.
     #Train-Images : 6000 (784,); #Train-Labels : 6000
     #Test-Images : 54000 (784,); #Test-Labels : 54000
[INFO] Training the model on loaded data 10.0% of training data.
[ Iteration 1 ] :: #Train-Images : 6000; #Test-Images : 54000
    [INFO] Training classifier on training images.
    [INFO] 47967%(88.8277777778%) images classified incorrectly.
Confusion matrix:
[[   0 5297    0    0    0    0    0    0    0    0]
 [   0 6033    0    0    0    0    0    0    0    0]
 [   0 5364    0    0    0    0    0    0    0    0]
 [   0 5507    0    0    0    0    0    0    0    0]
 [   0 5274    0    0    0    0    0    0    0    0]
 [   0 4897    0    0    0    0    0    0    0    0]
 [   0 5342    0    0    0    0    0    0    0    0]
 [   0 5640    0    0    0    0    0    0    0    0]
 [   0 5251    0    0    0    0    0    0    0    0]
 [   0 5395    0    0    0    0    0    0    0    0]]
[ Iteration 2 ] :: #Train-Images : 53967; #Test-Images : 6033
    [INFO] Training classifier on training images.
    [INFO] 6033%(100.0%) images classified incorrectly.
Confusion matrix:
[[   0 6033]
 [   0    0]]
[ Iteration 3 ] :: #Train-Images : 60000; #Test-Images : 0
    [INFO] Training classifier on training images.
