/Pulsar2/mohit.jain/datasets/MNIST
[INFO] Loading training images and labels
[SUCCESS] Training data successfully loaded from numpy.
     #Train-Images : 60000 (784,); #Train-Labels : 60000; #Labels : 10
[INFO] Loading Testing images and labels
[SUCCESS] Training data successfully loaded from numpy.
     #Test-Images : 10000 (784,); #Test-Labels : 10000
[INFO] Training the model on loaded data.
[SUCCESS] Training Complete
Classification report for classifier KNeighborsClassifier(algorithm='auto', leaf_size=30, metric='minkowski',
           metric_params=None, n_neighbors=3, p=2, weights='distance'):
             precision    recall  f1-score   support

          0       0.97      0.99      0.98       980
          1       0.97      1.00      0.98      1135
          2       0.98      0.97      0.98      1032
          3       0.97      0.97      0.97      1010
          4       0.98      0.97      0.97       982
          5       0.96      0.96      0.96       892
          6       0.98      0.99      0.98       958
          7       0.96      0.97      0.96      1028
          8       0.99      0.95      0.97       974
          9       0.96      0.96      0.96      1009

avg / total       0.97      0.97      0.97     10000


('Confusion matrix:\n', array([[ 974,    1,    1,    0,    0,    1,    2,    1,    0,    0],
       [   0, 1133,    2,    0,    0,    0,    0,    0,    0,    0],
       [   9,    7,  997,    2,    0,    0,    1,   14,    2,    0],
       [   0,    1,    4,  975,    1,   13,    1,    7,    4,    4],
       [   0,    5,    0,    0,  948,    0,    5,    4,    1,   19],
       [   4,    1,    0,   12,    2,  860,    5,    1,    3,    4],
       [   4,    3,    0,    0,    4,    3,  944,    0,    0,    0],
       [   0,   18,    4,    0,    2,    0,    0,  994,    0,   10],
       [   7,    0,    3,   13,    5,   11,    3,    4,  923,    5],
       [   3,    4,    2,    7,    9,    4,    1,    8,    2,  969]]))
